[debug] Running TaskDef(org.babysitter.BabysitterTest, org.scalatest.tools.Framework$$anon$1@6c7a7cf4, false, [SuiteSelector])
[info] Run completed in 1 second, 86 milliseconds.
[info] Total number of tests run: 15
[info] Suites: completed 1, aborted 0
[info] Tests: succeeded 12, failed 3, canceled 0, ignored 0, pending 0
[info] *** 3 TESTS FAILED ***
[error] Failed tests:
[error] 	org.babysitter.BabysitterTest
[error] (test:test) sbt.TestsFailedException: Tests unsuccessful
